<?xml version="1.0" encoding="UTF-8"?>
<!-- Generated by org.testng.reporters.JUnitReportReporter -->
<testsuite hostname="DESKTOP-J34C89H" name="com.occ.testcases.HomepageTests_COPY" tests="2" failures="0" timestamp="14 Jan 2021 06:38:05 GMT" time="43.492" errors="0">
  <testcase name="navigate" time="22.706" classname="com.occ.testcases.HomepageTests_COPY"/>
  <testcase name="navigate2" time="20.786" classname="com.occ.testcases.HomepageTests_COPY"/>
</testsuite> <!-- com.occ.testcases.HomepageTests_COPY -->
